{"/Users/chelseaoconnor/Desktop/Nimbus/nimbus-ui/server/src/index.ts": {"path":"/Users/chelseaoconnor/Desktop/Nimbus/nimbus-ui/server/src/index.ts","all":false,"statementMap":{"0":{"start":{"line":1,"column":0},"end":{"line":1,"column":53}},"1":{"start":{"line":2,"column":0},"end":{"line":2,"column":24}},"2":{"start":{"line":3,"column":0},"end":{"line":3,"column":20}},"3":{"start":{"line":4,"column":0},"end":{"line":4,"column":24}},"6":{"start":{"line":7,"column":0},"end":{"line":7,"column":92}},"7":{"start":{"line":8,"column":0},"end":{"line":8,"column":24}},"10":{"start":{"line":11,"column":0},"end":{"line":11,"column":26}},"13":{"start":{"line":14,"column":0},"end":{"line":14,"column":40}},"16":{"start":{"line":17,"column":0},"end":{"line":17,"column":76}},"17":{"start":{"line":18,"column":0},"end":{"line":18,"column":69}},"18":{"start":{"line":19,"column":0},"end":{"line":19,"column":86}},"21":{"start":{"line":22,"column":0},"end":{"line":22,"column":59}},"22":{"start":{"line":23,"column":0},"end":{"line":23,"column":9}},"24":{"start":{"line":25,"column":0},"end":{"line":25,"column":45}},"25":{"start":{"line":26,"column":0},"end":{"line":26,"column":71}},"26":{"start":{"line":27,"column":0},"end":{"line":27,"column":50}},"27":{"start":{"line":28,"column":0},"end":{"line":28,"column":15}},"28":{"start":{"line":29,"column":0},"end":{"line":29,"column":7}},"31":{"start":{"line":32,"column":0},"end":{"line":32,"column":43}},"32":{"start":{"line":33,"column":0},"end":{"line":33,"column":96}},"33":{"start":{"line":34,"column":0},"end":{"line":34,"column":92}},"34":{"start":{"line":35,"column":0},"end":{"line":35,"column":15}},"35":{"start":{"line":36,"column":0},"end":{"line":36,"column":7}},"38":{"start":{"line":39,"column":0},"end":{"line":39,"column":75}},"39":{"start":{"line":40,"column":0},"end":{"line":40,"column":77}},"42":{"start":{"line":43,"column":0},"end":{"line":43,"column":103}},"43":{"start":{"line":44,"column":0},"end":{"line":44,"column":51}},"45":{"start":{"line":46,"column":0},"end":{"line":46,"column":21}},"46":{"start":{"line":47,"column":0},"end":{"line":47,"column":99}},"47":{"start":{"line":48,"column":0},"end":{"line":48,"column":102}},"48":{"start":{"line":49,"column":0},"end":{"line":49,"column":15}},"49":{"start":{"line":50,"column":0},"end":{"line":50,"column":7}},"52":{"start":{"line":53,"column":0},"end":{"line":53,"column":62}},"53":{"start":{"line":54,"column":0},"end":{"line":54,"column":88}},"54":{"start":{"line":55,"column":0},"end":{"line":55,"column":16}},"55":{"start":{"line":56,"column":0},"end":{"line":56,"column":19}},"56":{"start":{"line":57,"column":0},"end":{"line":57,"column":19}},"57":{"start":{"line":58,"column":0},"end":{"line":58,"column":10}},"58":{"start":{"line":59,"column":0},"end":{"line":59,"column":8}},"60":{"start":{"line":61,"column":0},"end":{"line":61,"column":62}},"62":{"start":{"line":63,"column":0},"end":{"line":63,"column":21}},"63":{"start":{"line":64,"column":0},"end":{"line":64,"column":53}},"64":{"start":{"line":65,"column":0},"end":{"line":65,"column":99}},"65":{"start":{"line":66,"column":0},"end":{"line":66,"column":5}},"66":{"start":{"line":67,"column":0},"end":{"line":67,"column":5}},"69":{"start":{"line":70,"column":0},"end":{"line":70,"column":88}},"70":{"start":{"line":71,"column":0},"end":{"line":71,"column":31}},"73":{"start":{"line":74,"column":0},"end":{"line":74,"column":39}},"75":{"start":{"line":76,"column":0},"end":{"line":76,"column":45}},"79":{"start":{"line":80,"column":0},"end":{"line":80,"column":62}},"80":{"start":{"line":81,"column":0},"end":{"line":81,"column":61}},"81":{"start":{"line":82,"column":0},"end":{"line":82,"column":7}},"82":{"start":{"line":83,"column":0},"end":{"line":83,"column":10}},"84":{"start":{"line":85,"column":0},"end":{"line":85,"column":78}},"85":{"start":{"line":86,"column":0},"end":{"line":86,"column":71}},"87":{"start":{"line":88,"column":0},"end":{"line":88,"column":62}},"88":{"start":{"line":89,"column":0},"end":{"line":89,"column":92}},"89":{"start":{"line":90,"column":0},"end":{"line":90,"column":7}},"90":{"start":{"line":91,"column":0},"end":{"line":91,"column":3}},"93":{"start":{"line":94,"column":0},"end":{"line":94,"column":26}},"94":{"start":{"line":95,"column":0},"end":{"line":95,"column":84}},"97":{"start":{"line":98,"column":0},"end":{"line":98,"column":22}},"98":{"start":{"line":99,"column":0},"end":{"line":99,"column":39}},"99":{"start":{"line":100,"column":0},"end":{"line":100,"column":5}},"100":{"start":{"line":101,"column":0},"end":{"line":101,"column":5}},"101":{"start":{"line":102,"column":0},"end":{"line":102,"column":1}}},"s":{"0":1,"1":1,"2":1,"3":1,"6":11,"7":11,"10":11,"13":11,"16":11,"17":11,"18":11,"21":11,"22":3,"24":3,"25":1,"26":1,"27":1,"28":1,"31":3,"32":0,"33":0,"34":0,"35":0,"38":2,"39":2,"42":2,"43":3,"45":3,"46":0,"47":0,"48":0,"49":0,"52":1,"53":2,"54":2,"55":2,"56":2,"57":2,"58":1,"60":1,"62":1,"63":1,"64":1,"65":1,"66":11,"69":11,"70":11,"73":11,"75":10,"79":10,"80":0,"81":10,"82":11,"84":1,"85":1,"87":1,"88":0,"89":1,"90":1,"93":11,"94":1,"97":1,"98":1,"99":1,"100":11,"101":11},"branchMap":{"0":{"type":"branch","line":7,"loc":{"start":{"line":7,"column":0},"end":{"line":102,"column":1}},"locations":[{"start":{"line":7,"column":0},"end":{"line":102,"column":1}}]},"1":{"type":"branch","line":74,"loc":{"start":{"line":74,"column":38},"end":{"line":83,"column":9}},"locations":[{"start":{"line":74,"column":38},"end":{"line":83,"column":9}}]},"2":{"type":"branch","line":83,"loc":{"start":{"line":83,"column":2},"end":{"line":91,"column":3}},"locations":[{"start":{"line":83,"column":2},"end":{"line":91,"column":3}}]},"3":{"type":"branch","line":22,"loc":{"start":{"line":22,"column":25},"end":{"line":67,"column":3}},"locations":[{"start":{"line":22,"column":25},"end":{"line":67,"column":3}}]},"4":{"type":"branch","line":25,"loc":{"start":{"line":25,"column":44},"end":{"line":29,"column":7}},"locations":[{"start":{"line":25,"column":44},"end":{"line":29,"column":7}}]},"5":{"type":"branch","line":29,"loc":{"start":{"line":29,"column":6},"end":{"line":32,"column":42}},"locations":[{"start":{"line":29,"column":6},"end":{"line":32,"column":42}}]},"6":{"type":"branch","line":32,"loc":{"start":{"line":32,"column":42},"end":{"line":36,"column":7}},"locations":[{"start":{"line":32,"column":42},"end":{"line":36,"column":7}}]},"7":{"type":"branch","line":36,"loc":{"start":{"line":36,"column":6},"end":{"line":44,"column":40}},"locations":[{"start":{"line":36,"column":6},"end":{"line":44,"column":40}}]},"8":{"type":"branch","line":44,"loc":{"start":{"line":44,"column":22},"end":{"line":44,"column":51}},"locations":[{"start":{"line":44,"column":22},"end":{"line":44,"column":51}}]},"9":{"type":"branch","line":46,"loc":{"start":{"line":46,"column":20},"end":{"line":50,"column":7}},"locations":[{"start":{"line":46,"column":20},"end":{"line":50,"column":7}}]},"10":{"type":"branch","line":50,"loc":{"start":{"line":50,"column":6},"end":{"line":66,"column":5}},"locations":[{"start":{"line":50,"column":6},"end":{"line":66,"column":5}}]},"11":{"type":"branch","line":43,"loc":{"start":{"line":43,"column":62},"end":{"line":43,"column":94}},"locations":[{"start":{"line":43,"column":62},"end":{"line":43,"column":94}}]},"12":{"type":"branch","line":53,"loc":{"start":{"line":53,"column":45},"end":{"line":59,"column":7}},"locations":[{"start":{"line":53,"column":45},"end":{"line":59,"column":7}}]},"13":{"type":"branch","line":94,"loc":{"start":{"line":94,"column":19},"end":{"line":101,"column":3}},"locations":[{"start":{"line":94,"column":19},"end":{"line":101,"column":3}}]}},"b":{"0":[11],"1":[10],"2":[1],"3":[3],"4":[1],"5":[2],"6":[0],"7":[2],"8":[1],"9":[0],"10":[1],"11":[1],"12":[2],"13":[1]},"fnMap":{"0":{"name":"serveUi","decl":{"start":{"line":7,"column":0},"end":{"line":102,"column":1}},"loc":{"start":{"line":7,"column":0},"end":{"line":102,"column":1}},"line":7}},"f":{"0":11}}
}
