TN:
SF:src/deleteModel.ts
FN:15,deleteModel
FNF:1
FNH:1
FNDA:5,deleteModel
DA:1,1
DA:2,1
DA:6,1
DA:7,1
DA:8,1
DA:11,1
DA:15,5
DA:16,5
DA:18,5
DA:19,5
DA:21,5
DA:22,2
DA:23,2
DA:24,2
DA:26,3
DA:28,3
DA:29,5
DA:30,1
DA:31,1
DA:32,1
DA:34,2
DA:36,5
DA:37,1
DA:38,1
DA:39,1
DA:40,1
DA:41,1
DA:42,1
DA:43,1
DA:44,5
LF:30
LH:30
BRDA:15,0,0,5
BRDA:21,1,0,2
BRDA:24,2,0,3
BRDA:29,3,0,1
BRDA:32,4,0,2
BRDA:36,5,0,1
BRF:6
BRH:6
end_of_record
TN:
SF:src/deploy.ts
FN:20,deploy
FNF:1
FNH:1
FNDA:5,deploy
DA:1,1
DA:2,1
DA:3,1
DA:4,1
DA:5,1
DA:13,1
DA:20,5
DA:21,5
DA:23,5
DA:24,5
DA:25,5
DA:27,5
DA:28,5
DA:29,5
DA:31,5
DA:32,2
DA:33,2
DA:35,3
DA:36,3
DA:37,5
DA:38,5
DA:39,5
DA:40,2
DA:41,1
DA:43,1
DA:44,1
DA:46,1
DA:47,1
DA:48,1
DA:49,1
DA:51,3
DA:53,3
DA:54,3
DA:55,3
DA:56,3
DA:57,3
DA:58,3
DA:60,3
DA:62,3
DA:63,3
LF:40
LH:40
BRDA:20,0,0,5
BRDA:31,1,0,2
BRDA:33,2,0,3
BRDA:37,3,0,0
BRDA:39,4,0,2
BRDA:40,5,0,1
BRDA:41,6,0,1
BRDA:49,7,0,3
BRF:8
BRH:7
end_of_record
TN:
SF:src/destroy.ts
FN:8,destroy
FNF:1
FNH:1
FNDA:2,destroy
DA:1,1
DA:2,1
DA:3,1
DA:4,1
DA:5,1
DA:8,2
DA:9,2
DA:10,2
DA:11,2
DA:13,2
DA:14,1
DA:15,1
DA:16,1
DA:18,1
DA:19,1
DA:20,1
LF:16
LH:16
BRDA:8,0,0,2
BRDA:13,1,0,1
BRF:2
BRH:2
end_of_record
TN:
SF:src/dockerCode.ts
FN:1,(empty-report)
FNF:1
FNH:1
FNDA:1,(empty-report)
DA:3,0
DA:4,0
DA:5,0
DA:6,0
DA:7,0
DA:8,0
DA:20,0
DA:21,0
DA:23,0
DA:25,0
DA:26,0
DA:27,0
DA:28,0
DA:30,0
DA:34,0
DA:36,0
DA:44,0
DA:45,0
DA:47,0
LF:19
LH:0
BRDA:1,0,0,1
BRF:1
BRH:1
end_of_record
TN:
SF:src/lambdaCode.ts
FN:3,generateLambdaFile
FNF:1
FNH:1
FNDA:4,generateLambdaFile
DA:1,1
DA:3,1
DA:4,4
DA:5,4
DA:6,4
DA:7,4
DA:17,4
DA:68,4
DA:70,1
LF:9
LH:9
BRDA:3,0,0,4
BRDA:17,1,0,3
BRDA:17,2,0,1
BRF:3
BRH:3
end_of_record
TN:
SF:src/list.ts
FN:11,listModels
FNF:1
FNH:1
FNDA:4,listModels
DA:1,1
DA:2,1
DA:11,1
DA:12,4
DA:13,4
DA:15,4
DA:16,4
DA:17,4
DA:19,4
DA:20,1
DA:21,1
DA:22,1
DA:24,1
DA:25,1
DA:26,1
DA:28,1
DA:29,1
DA:30,1
DA:31,2
DA:32,2
DA:33,2
DA:34,2
DA:35,1
DA:36,4
DA:37,2
DA:38,1
DA:39,1
DA:40,1
DA:41,1
DA:42,1
DA:43,1
DA:44,2
DA:45,4
LF:33
LH:33
BRDA:11,0,0,4
BRDA:19,1,0,1
BRDA:36,2,0,2
BRDA:37,3,0,1
BRDA:30,4,0,2
BRF:5
BRH:5
end_of_record
TN:
SF:src/main.ts
FN:9,main
FNF:1
FNH:1
FNDA:7,main
DA:2,1
DA:3,1
DA:4,1
DA:5,1
DA:6,1
DA:7,1
DA:9,7
DA:10,7
DA:11,7
DA:13,7
DA:15,7
DA:16,7
DA:17,1
DA:18,1
DA:19,1
DA:20,7
DA:21,1
DA:22,1
DA:23,1
DA:24,7
DA:25,1
DA:26,1
DA:27,1
DA:28,7
DA:29,1
DA:30,1
DA:31,1
DA:32,7
DA:33,1
DA:34,1
DA:35,1
DA:36,1
DA:37,7
DA:38,2
DA:39,2
DA:40,2
DA:41,2
DA:42,2
DA:43,2
DA:44,2
DA:45,7
DA:46,7
DA:48,1
LF:43
LH:43
BRDA:9,0,0,7
BRDA:16,1,0,1
BRDA:20,2,0,1
BRDA:24,3,0,1
BRDA:28,4,0,1
BRDA:32,5,0,1
BRDA:37,6,0,2
BRF:7
BRH:7
end_of_record
TN:
SF:src/utils/cli.ts
FN:5,shouldDeployModel
FN:23,shouldRemoveModel
FN:40,selectModelToRemove
FN:70,shouldDestroyStack
FNF:4
FNH:4
FNDA:4,shouldDeployModel
FNDA:3,shouldRemoveModel
FNDA:3,selectModelToRemove
FNDA:3,shouldDestroyStack
DA:1,1
DA:2,1
DA:3,1
DA:5,4
DA:6,4
DA:7,4
DA:8,4
DA:9,4
DA:10,4
DA:11,4
DA:12,4
DA:14,4
DA:16,4
DA:17,1
DA:18,1
DA:19,1
DA:21,4
DA:22,4
DA:23,3
DA:24,3
DA:25,3
DA:26,3
DA:27,3
DA:28,3
DA:29,3
DA:30,3
DA:32,3
DA:34,3
DA:35,1
DA:36,1
DA:37,1
DA:38,3
DA:40,3
DA:41,3
DA:42,3
DA:43,3
DA:45,3
DA:46,1
DA:47,1
DA:48,1
DA:50,3
DA:51,4
DA:52,4
DA:53,4
DA:54,4
DA:55,0
DA:56,0
DA:57,0
DA:58,3
DA:60,3
DA:61,3
DA:62,3
DA:63,3
DA:65,3
DA:67,3
DA:68,3
DA:70,3
DA:71,3
DA:72,3
DA:73,3
DA:74,3
DA:75,3
DA:76,3
DA:77,3
DA:79,3
DA:81,3
DA:82,1
DA:83,1
DA:84,1
DA:85,3
LF:70
LH:67
BRDA:5,0,0,4
BRDA:16,1,0,1
BRDA:23,2,0,3
BRDA:34,3,0,1
BRDA:40,4,0,3
BRDA:45,5,0,1
BRDA:50,6,0,4
BRDA:54,7,0,0
BRDA:70,8,0,3
BRDA:81,9,0,1
BRF:10
BRH:9
end_of_record
TN:
SF:src/utils/config.ts
FN:7,configureApp
FN:39,validate
FNF:2
FNH:1
FNDA:6,configureApp
FNDA:0,validate
DA:1,1
DA:2,1
DA:3,1
DA:4,1
DA:7,6
DA:8,6
DA:9,6
DA:11,6
DA:12,2
DA:13,2
DA:14,2
DA:15,2
DA:16,1
DA:17,2
DA:18,1
DA:19,1
DA:20,2
DA:21,1
DA:22,1
DA:23,1
DA:24,1
DA:25,2
DA:27,5
DA:28,5
DA:29,5
DA:30,5
DA:32,5
DA:33,5
DA:35,6
DA:36,7
DA:37,7
DA:38,7
DA:39,7
DA:40,0
DA:41,0
DA:42,0
DA:43,7
DA:46,7
DA:47,0
DA:48,0
DA:49,0
DA:51,7
DA:53,7
DA:54,7
DA:55,7
DA:56,1
DA:57,1
DA:58,1
DA:59,1
DA:60,1
DA:61,5
DA:62,7
DA:63,1
DA:64,1
DA:65,1
DA:66,1
DA:67,1
DA:68,1
DA:69,7
DA:71,5
DA:72,5
DA:73,5
DA:74,5
DA:75,5
DA:76,5
DA:77,6
DA:78,1
DA:79,1
DA:80,1
DA:81,1
DA:82,1
DA:83,1
DA:85,5
DA:86,5
DA:87,5
LF:75
LH:69
BRDA:7,0,0,6
BRDA:11,1,0,2
BRDA:15,2,0,1
BRDA:17,3,0,1
BRDA:20,4,0,1
BRDA:25,5,0,5
BRDA:35,6,0,7
BRDA:46,7,0,0
BRDA:55,8,0,1
BRDA:60,9,0,5
BRDA:62,10,0,1
BRDA:69,11,0,5
BRDA:77,12,0,1
BRDA:83,13,0,5
BRF:14
BRH:13
end_of_record
TN:
SF:src/utils/deployment.ts
FN:22,deployApiGateway
FN:44,deployUpdatedStack
FN:78,deleteModelFromStack
FN:141,destroyStack
FNF:4
FNH:3
FNDA:2,deployApiGateway
FNDA:2,deployUpdatedStack
FNDA:1,deleteModelFromStack
FNDA:0,destroyStack
DA:1,1
DA:2,1
DA:3,1
DA:4,1
DA:5,1
DA:14,1
DA:15,1
DA:16,1
DA:17,1
DA:19,1
DA:22,2
DA:23,2
DA:24,2
DA:25,2
DA:26,2
DA:27,2
DA:28,2
DA:29,2
DA:30,2
DA:31,2
DA:32,2
DA:33,1
DA:34,1
DA:35,1
DA:36,1
DA:37,1
DA:38,1
DA:39,1
DA:40,1
DA:41,1
DA:42,2
DA:44,2
DA:45,2
DA:46,2
DA:47,2
DA:48,2
DA:49,2
DA:50,2
DA:51,2
DA:52,2
DA:53,2
DA:54,2
DA:55,2
DA:56,2
DA:57,2
DA:58,2
DA:60,1
DA:61,1
DA:62,1
DA:63,1
DA:64,1
DA:66,1
DA:67,1
DA:68,1
DA:69,1
DA:70,1
DA:71,1
DA:73,1
DA:74,1
DA:75,1
DA:76,2
DA:78,1
DA:79,1
DA:80,1
DA:81,1
DA:82,1
DA:84,1
DA:85,1
DA:86,1
DA:88,1
DA:90,1
DA:91,1
DA:92,1
DA:94,1
DA:95,0
DA:96,0
DA:98,1
DA:99,1
DA:101,1
DA:102,1
DA:103,1
DA:105,1
DA:106,1
DA:108,1
DA:109,1
DA:110,1
DA:111,1
DA:112,1
DA:113,1
DA:115,0
DA:116,0
DA:117,0
DA:118,1
DA:119,1
DA:121,1
DA:122,1
DA:123,1
DA:124,1
DA:125,1
DA:126,1
DA:128,1
DA:129,1
DA:130,1
DA:131,1
DA:133,1
DA:134,1
DA:135,1
DA:137,1
DA:138,1
DA:139,1
DA:141,0
DA:142,0
DA:143,0
DA:144,0
DA:145,0
DA:146,0
DA:147,0
DA:149,0
DA:150,0
DA:151,0
DA:152,0
DA:153,0
DA:154,0
DA:155,0
DA:156,0
DA:157,0
DA:158,0
DA:159,0
DA:160,0
LF:129
LH:105
BRDA:22,0,0,2
BRDA:32,1,0,1
BRDA:44,2,0,2
BRDA:58,3,0,1
BRDA:78,4,0,1
BRDA:94,5,0,0
BRDA:113,6,0,0
BRDA:92,7,0,1
BRF:8
BRH:6
end_of_record
TN:
SF:src/utils/deploymentHelperFuncs.ts
FN:10,deployStackWithCleanup
FN:33,deployStack
FN:54,getApiUrlFromLogs
FN:61,deleteModelFromFinishedDir
FN:83,parseModelURL
FN:93,copyDirectory
FN:112,restoreModelToConfig
FNF:7
FNH:0
FNDA:0,deployStackWithCleanup
FNDA:0,deployStack
FNDA:0,getApiUrlFromLogs
FNDA:0,deleteModelFromFinishedDir
FNDA:0,parseModelURL
FNDA:0,copyDirectory
FNDA:0,restoreModelToConfig
DA:1,1
DA:2,1
DA:3,1
DA:4,1
DA:5,1
DA:6,1
DA:8,1
DA:10,0
DA:11,0
DA:12,0
DA:13,0
DA:14,0
DA:15,0
DA:16,0
DA:17,0
DA:18,0
DA:19,0
DA:20,0
DA:21,0
DA:22,0
DA:23,0
DA:24,0
DA:25,0
DA:26,0
DA:27,0
DA:28,0
DA:29,0
DA:30,0
DA:31,0
DA:33,0
DA:34,0
DA:35,0
DA:36,0
DA:37,0
DA:38,0
DA:39,0
DA:40,0
DA:42,0
DA:44,0
DA:46,0
DA:47,0
DA:48,0
DA:50,0
DA:51,0
DA:52,0
DA:54,1
DA:55,0
DA:56,0
DA:57,0
DA:58,0
DA:59,0
DA:61,1
DA:62,0
DA:63,0
DA:64,0
DA:65,0
DA:66,0
DA:67,0
DA:68,0
DA:70,0
DA:71,0
DA:72,0
DA:73,0
DA:74,0
DA:75,0
DA:76,0
DA:77,0
DA:78,0
DA:79,0
DA:80,0
DA:81,0
DA:83,1
DA:84,0
DA:85,0
DA:86,0
DA:87,0
DA:88,0
DA:89,0
DA:90,0
DA:91,0
DA:93,1
DA:94,0
DA:95,0
DA:96,0
DA:98,0
DA:100,0
DA:101,0
DA:102,0
DA:104,0
DA:105,0
DA:106,0
DA:107,0
DA:108,0
DA:109,0
DA:110,0
DA:112,1
DA:113,0
DA:114,0
DA:115,0
DA:116,0
DA:117,0
DA:118,0
DA:119,0
DA:120,0
DA:122,0
DA:123,0
DA:124,0
DA:125,0
DA:126,0
DA:128,0
DA:129,0
DA:130,0
DA:131,0
DA:132,0
LF:114
LH:12
BRF:0
BRH:0
end_of_record
TN:
SF:src/utils/fileSystem.ts
FN:11,ensureDirectoryExists
FN:17,initializeModelsConfig
FN:23,readModelsConfig
FN:27,updateModelsConfig
FN:36,removeModelFromConfig
FN:48,removeModelDirectory
FN:57,copyModelDirectory
FN:66,deleteFinishedDir
FN:73,writeModelFiles
FNF:9
FNH:5
FNDA:2,ensureDirectoryExists
FNDA:0,initializeModelsConfig
FNDA:4,readModelsConfig
FNDA:1,updateModelsConfig
FNDA:2,removeModelFromConfig
FNDA:2,removeModelDirectory
FNDA:0,copyModelDirectory
FNDA:0,deleteFinishedDir
FNDA:0,writeModelFiles
DA:1,1
DA:2,1
DA:11,1
DA:12,2
DA:13,1
DA:14,1
DA:15,2
DA:17,1
DA:18,0
DA:19,0
DA:20,0
DA:21,0
DA:23,1
DA:24,4
DA:25,4
DA:27,1
DA:28,1
DA:29,1
DA:30,1
DA:31,1
DA:32,1
DA:33,1
DA:34,1
DA:36,1
DA:37,2
DA:38,2
DA:39,2
DA:40,2
DA:41,2
DA:42,2
DA:43,1
DA:44,1
DA:45,1
DA:46,2
DA:48,1
DA:49,2
DA:50,2
DA:51,1
DA:52,1
DA:53,1
DA:54,1
DA:55,2
DA:57,1
DA:58,0
DA:59,0
DA:60,0
DA:61,0
DA:62,0
DA:63,0
DA:64,0
DA:66,1
DA:67,0
DA:68,0
DA:69,0
DA:70,0
DA:71,0
DA:73,1
DA:74,0
DA:75,0
DA:76,0
DA:77,0
DA:78,0
DA:79,0
DA:80,0
DA:81,0
DA:82,0
DA:83,0
DA:84,0
DA:85,0
DA:86,0
DA:87,0
DA:88,0
DA:89,0
DA:90,0
LF:74
LH:41
BRDA:11,0,0,2
BRDA:12,1,0,1
BRDA:23,2,0,4
BRDA:27,3,0,1
BRDA:36,4,0,2
BRDA:42,5,0,1
BRDA:41,6,0,2
BRDA:48,7,0,2
BRDA:50,8,0,1
BRF:9
BRH:9
end_of_record
TN:
SF:src/utils/model.ts
FN:16,getDirectorySize
FN:44,getDirectoryDepth
FN:68,getModelType
FN:81,getModelName
FN:109,getPreTrainedModel
FN:123,getFineTunedModelPath
FN:226,getModelDescription
FN:246,generateModelFiles
FNF:8
FNH:3
FNDA:0,getDirectorySize
FNDA:0,getDirectoryDepth
FNDA:1,getModelType
FNDA:1,getModelName
FNDA:0,getPreTrainedModel
FNDA:0,getFineTunedModelPath
FNDA:0,getModelDescription
FNDA:1,generateModelFiles
DA:1,1
DA:2,1
DA:3,1
DA:4,1
DA:5,1
DA:6,1
DA:7,1
DA:8,1
DA:9,1
DA:16,0
DA:17,0
DA:18,0
DA:19,0
DA:21,0
DA:22,0
DA:23,0
DA:24,0
DA:25,0
DA:26,0
DA:27,0
DA:28,0
DA:29,0
DA:30,0
DA:31,0
DA:32,0
DA:33,0
DA:34,0
DA:35,0
DA:36,0
DA:37,0
DA:38,0
DA:39,0
DA:40,0
DA:41,0
DA:42,0
DA:44,0
DA:45,0
DA:46,0
DA:47,0
DA:48,0
DA:49,0
DA:50,0
DA:51,0
DA:52,0
DA:53,0
DA:54,0
DA:55,0
DA:56,0
DA:57,0
DA:58,0
DA:59,0
DA:60,0
DA:61,0
DA:62,0
DA:63,0
DA:64,0
DA:65,0
DA:66,0
DA:68,1
DA:69,1
DA:70,1
DA:71,1
DA:72,1
DA:73,1
DA:74,1
DA:75,1
DA:77,1
DA:78,1
DA:79,1
DA:81,1
DA:82,1
DA:83,1
DA:84,1
DA:85,1
DA:87,1
DA:88,1
DA:89,0
DA:90,0
DA:91,0
DA:92,0
DA:93,0
DA:95,0
DA:96,0
DA:97,0
DA:98,0
DA:99,0
DA:100,0
DA:102,0
DA:103,0
DA:104,0
DA:106,1
DA:107,1
DA:109,0
DA:110,0
DA:111,0
DA:112,0
DA:113,0
DA:114,0
DA:115,0
DA:116,0
DA:117,0
DA:119,0
DA:120,0
DA:121,0
DA:123,0
DA:124,0
DA:125,0
DA:126,0
DA:127,0
DA:128,0
DA:130,0
DA:131,0
DA:132,0
DA:134,0
DA:135,0
DA:136,0
DA:137,0
DA:138,0
DA:139,0
DA:140,0
DA:141,0
DA:143,0
DA:144,0
DA:145,0
DA:146,0
DA:147,0
DA:148,0
DA:149,0
DA:150,0
DA:151,0
DA:152,0
DA:153,0
DA:154,0
DA:155,0
DA:156,0
DA:157,0
DA:158,0
DA:159,0
DA:160,0
DA:161,0
DA:162,0
DA:163,0
DA:164,0
DA:165,0
DA:166,0
DA:167,0
DA:168,0
DA:169,0
DA:170,0
DA:171,0
DA:173,0
DA:174,0
DA:176,0
DA:178,0
DA:179,0
DA:180,0
DA:181,0
DA:182,0
DA:183,0
DA:184,0
DA:185,0
DA:186,0
DA:187,0
DA:188,0
DA:189,0
DA:190,0
DA:191,0
DA:192,0
DA:193,0
DA:194,0
DA:195,0
DA:196,0
DA:197,0
DA:198,0
DA:199,0
DA:200,0
DA:202,0
DA:203,0
DA:204,0
DA:205,0
DA:206,0
DA:207,0
DA:209,0
DA:210,0
DA:211,0
DA:212,0
DA:213,0
DA:214,0
DA:215,0
DA:216,0
DA:217,0
DA:218,0
DA:219,0
DA:220,0
DA:221,0
DA:223,0
DA:224,0
DA:226,0
DA:227,0
DA:228,0
DA:229,0
DA:230,0
DA:232,0
DA:233,0
DA:234,0
DA:235,0
DA:236,0
DA:237,0
DA:239,0
DA:240,0
DA:242,0
DA:243,0
DA:244,0
DA:246,1
DA:247,1
DA:248,1
DA:249,1
DA:250,1
DA:251,1
DA:252,1
DA:253,1
DA:254,1
DA:255,1
DA:256,1
DA:257,1
DA:258,1
DA:260,1
DA:261,1
DA:262,1
DA:263,1
DA:264,1
DA:265,1
DA:266,1
DA:267,1
LF:234
LH:50
BRDA:68,0,0,1
BRDA:81,1,0,1
BRDA:88,2,0,0
BRDA:246,3,0,1
BRF:4
BRH:3
end_of_record
TN:
SF:src/utils/ui.ts
FN:4,displayWelcomeMessage
FN:18,displayCompletionMessage
FN:26,displayDeleteWelcomeMessage
FN:34,displayDeleteCompletionMessage
FN:42,displaySplitFiglet
FNF:5
FNH:5
FNDA:1,displayWelcomeMessage
FNDA:1,displayCompletionMessage
FNDA:1,displayDeleteWelcomeMessage
FNDA:1,displayDeleteCompletionMessage
FNDA:5,displaySplitFiglet
DA:1,1
DA:2,1
DA:4,1
DA:5,1
DA:6,1
DA:7,1
DA:8,1
DA:9,1
DA:11,1
DA:12,1
DA:13,1
DA:14,1
DA:15,1
DA:16,1
DA:18,1
DA:19,1
DA:20,1
DA:21,1
DA:22,1
DA:23,1
DA:24,1
DA:26,1
DA:27,1
DA:28,1
DA:29,1
DA:30,1
DA:31,1
DA:32,1
DA:34,1
DA:35,1
DA:36,1
DA:37,1
DA:38,1
DA:39,1
DA:40,1
DA:42,5
DA:43,5
DA:44,5
DA:45,5
DA:46,5
DA:47,5
DA:48,5
DA:49,5
DA:50,5
DA:51,5
DA:52,5
DA:53,5
DA:54,5
DA:55,5
DA:56,5
DA:57,4
DA:58,4
DA:59,4
DA:60,4
DA:61,4
DA:62,4
DA:63,4
DA:64,4
DA:65,5
LF:59
LH:59
BRDA:4,0,0,1
BRDA:18,1,0,1
BRDA:26,2,0,1
BRDA:34,3,0,1
BRDA:42,4,0,5
BRDA:56,5,0,4
BRF:6
BRH:6
end_of_record
TN:
SF:src/utils/validation.ts
FN:4,validModelName
FN:17,modelNameNotUnique
FN:26,isSafeDescription
FN:38,optionToExitApp
FNF:4
FNH:4
FNDA:15,validModelName
FNDA:7,modelNameNotUnique
FNDA:11,isSafeDescription
FNDA:3,optionToExitApp
DA:1,1
DA:2,1
DA:4,1
DA:5,15
DA:6,15
DA:7,15
DA:8,15
DA:9,6
DA:10,6
DA:11,9
DA:12,15
DA:13,3
DA:14,6
DA:15,15
DA:17,1
DA:18,7
DA:19,7
DA:20,7
DA:21,7
DA:22,7
DA:23,7
DA:24,7
DA:26,1
DA:27,11
DA:28,10
DA:29,10
DA:30,10
DA:31,9
DA:32,8
DA:33,6
DA:34,6
DA:36,11
DA:38,1
DA:39,3
DA:40,1
DA:41,1
DA:42,1
DA:43,3
LF:38
LH:38
BRDA:4,0,0,15
BRDA:8,1,0,11
BRDA:8,2,0,6
BRDA:10,3,0,9
BRDA:12,4,0,3
BRDA:12,5,0,3
BRDA:13,6,0,6
BRDA:17,7,0,7
BRDA:22,8,0,13
BRDA:26,9,0,11
BRDA:27,10,0,1
BRDA:27,11,0,10
BRDA:30,12,0,9
BRDA:31,13,0,8
BRDA:32,14,0,6
BRDA:33,15,0,6
BRDA:38,16,0,3
BRDA:39,17,0,1
BRF:18
BRH:18
end_of_record
